<<<<<<< HEAD
<<<<<<< HEAD
<<<<<<< HEAD
Base path: 'D:/Unity/Editor/Data', plugins path 'D:/Unity/Editor/Data/PlaybackEngines'
Cmd: initializeCompiler
=======
Base path: 'D:/Unity/Editor/Data', plugins path 'D:/Unity/Editor/Data/PlaybackEngines'
Cmd: initializeCompiler
>>>>>>> DebiggerCombined
=======
Base path: 'T:/Unity/Editor/Data', plugins path 'T:/Unity/Editor/Data/PlaybackEngines'
Cmd: initializeCompiler
>>>>>>> RobotBuilder
=======
Base path: 'T:/Unity/Editor/Data', plugins path 'T:/Unity/Editor/Data/PlaybackEngines'
=======
Base path: 'C:/Users/Joel/Editor/Data', plugins path 'C:/Users/Joel/Editor/Data/PlaybackEngines'
>>>>>>> RobotGameplay
Cmd: initializeCompiler
>>>>>>> RobotBuilder
